<?xml version="1.0" encoding="UTF-8"?>
<!-- Generated by org.testng.reporters.JUnitReportReporter -->
<testsuite hostname="LAPTOP-FCOBB088" failures="0" tests="1" name="TestLayer.CompaniesPageTest" time="2.913" errors="0" timestamp="2024-12-25T17:35:01 IST" skipped="0">
  <testcase classname="TestLayer.CompaniesPageTest" name="validateCompaniesPage" time="2.913"/>
  <system-out/>
</testsuite> <!-- TestLayer.CompaniesPageTest -->
