<?xml version="1.0" encoding="UTF-8"?>
<!-- Generated by org.testng.reporters.JUnitReportReporter -->
<testsuite hostname="LAPTOP-FCOBB088" failures="0" tests="1" name="TestLayer.HomePageTest" time="2.189" errors="0" timestamp="2024-12-25T17:35:01 IST" skipped="0">
  <testcase classname="TestLayer.HomePageTest" name="validateHomePage" time="2.189"/>
  <system-out/>
</testsuite> <!-- TestLayer.HomePageTest -->
