<?xml version="1.0" encoding="UTF-8"?>
<!-- Generated by org.testng.reporters.JUnitReportReporter -->
<testsuite hostname="LAPTOP-FCOBB088" failures="0" tests="1" name="TestLayer.DealsPageTest" time="13.407" errors="0" timestamp="2024-12-25T17:35:01 IST" skipped="0">
  <testcase classname="TestLayer.DealsPageTest" name="validateDealsPage" time="13.407"/>
  <system-out/>
</testsuite> <!-- TestLayer.DealsPageTest -->
