<?xml version="1.0" encoding="UTF-8"?>
<!-- Generated by org.testng.reporters.JUnitReportReporter -->
<testsuite hostname="LAPTOP-FCOBB088" failures="0" tests="1" name="TestLayer.LogoutPageTest" time="0.233" errors="0" timestamp="2024-12-25T17:35:01 IST" skipped="0">
  <testcase classname="TestLayer.LogoutPageTest" name="validateLogoutPage" time="0.233"/>
  <system-out/>
</testsuite> <!-- TestLayer.LogoutPageTest -->
